2023-10-15::12:06:24::746	getNewComponentsDetailsJsonURL                    :35  	DEBUG	No Server Ip found

2023-10-15::12:06:24::746	getNewComponentsDetailsJsonURL                    :43  	DEBUG	No Servertype found

2023-10-15::12:06:24::747	performNewComponentsJsonDownload                  :2039	DEBUG	Successfully waited for new data

2023-10-15::12:06:24::748	getNewComponentsDetailsJsonURL                    :35  	DEBUG	No Server Ip found

2023-10-15::12:06:24::748	getNewComponentsDetailsJsonURL                    :43  	DEBUG	No Servertype found

2023-10-15::12:06:24::748	ADDL::checkURLFormat                              :74  	DEBUG	No serverIp is found

2023-10-15::12:06:24::748	ADDL::downloadFileFromInternetIfUpdateAvaliable   :1607	DEBUG	hconnet - /drivers/installer/json/NewComponents.json

2023-10-15::12:06:24::748	ADDL::downloadFileFromInternetIfUpdateAvaliable   :1617	DEBUG	Setting INTERNET_OPTION_RECEIVE_TIMEOUT to 90000 milliseconds: Result = 1 0

2023-10-15::12:06:24::748	ADDL::downloadFileFromInternetIfUpdateAvaliable   :1621	DEBUG	Setting INTERNET_OPTION_SEND_TIMEOUT to 30000 milliseconds: Result = 1 0

2023-10-15::12:06:24::748	ADDL::downloadFileFromInternetIfUpdateAvaliable   :1623	DEBUG	Setting INTERNET_OPTION_RECEIVE_TIMEOUT to 30000 milliseconds: Result = 1 0

2023-10-15::12:06:24::971	ADDL::downloadFileFromInternetIfUpdateAvaliable   :1660	DEBUG	Filesize of NewComponents.json is 15895. Modified 2023-09-20 11:12:29.000 UTC

2023-10-15::12:06:24::978	ADDL::downloadFileFromInternetIfUpdateAvaliable   :1696	DEBUG	Filesize of NewComponents.json is 15895. Modified 2023-09-20 11:12:29.000 UTC

2023-10-15::12:06:24::978	ADDL::downloadFileFromInternetIfUpdateAvaliable   :1700	DEBUG	Cached file up to date

2023-10-15::12:06:24::987	IsSmartBlurAvailableIMPL                          :2207		CheckIfToolIsAvaliable for AMD PrivacyView

2023-10-15::12:06:24::987	AdditionalApplications::CheckIfToolIsAvaliable    :665 		Check for display driver: 0 0 0 0

2023-10-15::12:06:24::988	AdditionalApplications::CheckIfToolIsAvaliable    :666 		min required driver: 22 10 0 0

2023-10-15::12:06:24::988	AdditionalApplications::CheckIfToolIsAvaliable    :667 		max required driver: 99 99 65535 65535

2023-10-15::12:06:24::988	AdditionalApplications::CheckIfToolIsAvaliable    :677 		MinDriverVersion <= DisplayDriverVersion && DisplayDriverVersion <= MaxDriverVersion: ADDL::ADDL_IsThirdPartyToolAvailableReturnCodes::NotAvailable

2023-10-15::12:06:28::511	getNewComponentsDetailsJsonURL                    :35  	DEBUG	No Server Ip found

2023-10-15::12:06:28::511	getNewComponentsDetailsJsonURL                    :43  	DEBUG	No Servertype found

2023-10-15::12:06:28::520	IsSmartBlurAvailableIMPL                          :2207		CheckIfToolIsAvaliable for AMD PrivacyView

2023-10-15::12:06:28::520	AdditionalApplications::CheckIfToolIsAvaliable    :665 		Check for display driver: 0 0 0 0

2023-10-15::12:06:28::520	AdditionalApplications::CheckIfToolIsAvaliable    :666 		min required driver: 22 10 0 0

2023-10-15::12:06:28::520	AdditionalApplications::CheckIfToolIsAvaliable    :667 		max required driver: 99 99 65535 65535

2023-10-15::12:06:28::520	AdditionalApplications::CheckIfToolIsAvaliable    :677 		MinDriverVersion <= DisplayDriverVersion && DisplayDriverVersion <= MaxDriverVersion: ADDL::ADDL_IsThirdPartyToolAvailableReturnCodes::NotAvailable

2023-10-15::12:06:37::367	getNewComponentsDetailsJsonURL                    :35  	DEBUG	No Server Ip found

2023-10-15::12:06:37::367	getNewComponentsDetailsJsonURL                    :43  	DEBUG	No Servertype found

2023-10-15::12:06:37::375	IsSmartBlurAvailableIMPL                          :2207		CheckIfToolIsAvaliable for AMD PrivacyView

2023-10-15::12:06:37::375	AdditionalApplications::CheckIfToolIsAvaliable    :665 		Check for display driver: 0 0 0 0

2023-10-15::12:06:37::375	AdditionalApplications::CheckIfToolIsAvaliable    :666 		min required driver: 22 10 0 0

2023-10-15::12:06:37::375	AdditionalApplications::CheckIfToolIsAvaliable    :667 		max required driver: 99 99 65535 65535

2023-10-15::12:06:37::375	AdditionalApplications::CheckIfToolIsAvaliable    :677 		MinDriverVersion <= DisplayDriverVersion && DisplayDriverVersion <= MaxDriverVersion: ADDL::ADDL_IsThirdPartyToolAvailableReturnCodes::NotAvailable

